2013-09-23 23:53:07 Error: [MissingControllerException] Controller class Empresarial2Controller could not be found.
Exception Attributes: array (
  'class' => 'Empresarial2Controller',
  'plugin' => NULL,
)
Request URL: /Empresarial2/empresarial2/css/images/abamiddleclick.gif
Stack Trace:
#0 D:\PHP\xampp\htdocs\Empresarial2\app\webroot\index.php(110): Dispatcher->dispatch(Object(CakeRequest), Object(CakeResponse))
#1 {main}
2013-09-23 23:53:07 Error: [MissingControllerException] Controller class Empresarial2Controller could not be found.
Exception Attributes: array (
  'class' => 'Empresarial2Controller',
  'plugin' => NULL,
)
Request URL: /Empresarial2/empresarial2/css/images/abamiddlenormal.gif
Stack Trace:
#0 D:\PHP\xampp\htdocs\Empresarial2\app\webroot\index.php(110): Dispatcher->dispatch(Object(CakeRequest), Object(CakeResponse))
#1 {main}
2013-09-23 23:53:28 Error: [MissingControllerException] Controller class Empresarial2Controller could not be found.
Exception Attributes: array (
  'class' => 'Empresarial2Controller',
  'plugin' => NULL,
)
Request URL: /Empresarial2/empresarial2/css/images/abamiddleclick.gif
Stack Trace:
#0 D:\PHP\xampp\htdocs\Empresarial2\app\webroot\index.php(110): Dispatcher->dispatch(Object(CakeRequest), Object(CakeResponse))
#1 {main}
2013-09-23 23:53:28 Error: [MissingControllerException] Controller class Empresarial2Controller could not be found.
Exception Attributes: array (
  'class' => 'Empresarial2Controller',
  'plugin' => NULL,
)
Request URL: /Empresarial2/empresarial2/css/images/abamiddlenormal.gif
Stack Trace:
#0 D:\PHP\xampp\htdocs\Empresarial2\app\webroot\index.php(110): Dispatcher->dispatch(Object(CakeRequest), Object(CakeResponse))
#1 {main}
2013-09-23 23:53:35 Error: [MissingControllerException] Controller class Empresarial2Controller could not be found.
Exception Attributes: array (
  'class' => 'Empresarial2Controller',
  'plugin' => NULL,
)
Request URL: /Empresarial2/empresarial2/css/images/abamiddlenormal.gif
Stack Trace:
#0 D:\PHP\xampp\htdocs\Empresarial2\app\webroot\index.php(110): Dispatcher->dispatch(Object(CakeRequest), Object(CakeResponse))
#1 {main}
2013-09-23 23:53:35 Error: [MissingControllerException] Controller class Empresarial2Controller could not be found.
Exception Attributes: array (
  'class' => 'Empresarial2Controller',
  'plugin' => NULL,
)
Request URL: /Empresarial2/empresarial2/css/images/abamiddleclick.gif
Stack Trace:
#0 D:\PHP\xampp\htdocs\Empresarial2\app\webroot\index.php(110): Dispatcher->dispatch(Object(CakeRequest), Object(CakeResponse))
#1 {main}
2013-09-24 00:22:03 Error: [MissingControllerException] Controller class Empresarial2Controller could not be found.
Exception Attributes: array (
  'class' => 'Empresarial2Controller',
  'plugin' => NULL,
)
Request URL: /Empresarial2/empresarial2/css/images/abamiddleclick.gif
Stack Trace:
#0 D:\PHP\xampp\htdocs\Empresarial2\app\webroot\index.php(110): Dispatcher->dispatch(Object(CakeRequest), Object(CakeResponse))
#1 {main}
2013-09-24 00:22:03 Error: [MissingControllerException] Controller class Empresarial2Controller could not be found.
Exception Attributes: array (
  'class' => 'Empresarial2Controller',
  'plugin' => NULL,
)
Request URL: /Empresarial2/empresarial2/css/images/abamiddlenormal.gif
Stack Trace:
#0 D:\PHP\xampp\htdocs\Empresarial2\app\webroot\index.php(110): Dispatcher->dispatch(Object(CakeRequest), Object(CakeResponse))
#1 {main}
2013-09-24 00:26:17 Error: [MissingControllerException] Controller class Empresarial2Controller could not be found.
Exception Attributes: array (
  'class' => 'Empresarial2Controller',
  'plugin' => NULL,
)
Request URL: /Empresarial2/empresarial2/css/images/abamiddleclick.gif
Stack Trace:
#0 D:\PHP\xampp\htdocs\Empresarial2\app\webroot\index.php(110): Dispatcher->dispatch(Object(CakeRequest), Object(CakeResponse))
#1 {main}
2013-09-24 00:26:17 Error: [MissingControllerException] Controller class Empresarial2Controller could not be found.
Exception Attributes: array (
  'class' => 'Empresarial2Controller',
  'plugin' => NULL,
)
Request URL: /Empresarial2/empresarial2/css/images/abamiddlenormal.gif
Stack Trace:
#0 D:\PHP\xampp\htdocs\Empresarial2\app\webroot\index.php(110): Dispatcher->dispatch(Object(CakeRequest), Object(CakeResponse))
#1 {main}
2013-09-24 00:31:31 Error: [MissingControllerException] Controller class Empresarial2Controller could not be found.
Exception Attributes: array (
  'class' => 'Empresarial2Controller',
  'plugin' => NULL,
)
Request URL: /Empresarial2/empresarial2/css/images/abamiddleclick.gif
Stack Trace:
#0 D:\PHP\xampp\htdocs\Empresarial2\app\webroot\index.php(110): Dispatcher->dispatch(Object(CakeRequest), Object(CakeResponse))
#1 {main}
2013-09-24 00:31:31 Error: [MissingControllerException] Controller class Empresarial2Controller could not be found.
Exception Attributes: array (
  'class' => 'Empresarial2Controller',
  'plugin' => NULL,
)
Request URL: /Empresarial2/empresarial2/css/images/abamiddlenormal.gif
Stack Trace:
#0 D:\PHP\xampp\htdocs\Empresarial2\app\webroot\index.php(110): Dispatcher->dispatch(Object(CakeRequest), Object(CakeResponse))
#1 {main}
2013-09-24 00:37:23 Error: [PDOException] SQLSTATE[42S22]: Column not found: 1054 Unknown column 'Grupocliente.grupo_id' in 'field list'
Request URL: /Empresarial2/grupoclientes/view/1
Stack Trace:
#0 D:\PHP\xampp\htdocs\Empresarial2\lib\Cake\Model\Datasource\DboSource.php(460): PDOStatement->execute(Array)
#1 D:\PHP\xampp\htdocs\Empresarial2\lib\Cake\Model\Datasource\DboSource.php(426): DboSource->_execute('SELECT `Grupocl...', Array)
#2 D:\PHP\xampp\htdocs\Empresarial2\lib\Cake\Model\Datasource\DboSource.php(669): DboSource->execute('SELECT `Grupocl...', Array, Array)
#3 D:\PHP\xampp\htdocs\Empresarial2\lib\Cake\Model\Datasource\DboSource.php(1342): DboSource->fetchAll('SELECT `Grupocl...', false)
#4 D:\PHP\xampp\htdocs\Empresarial2\lib\Cake\Model\Datasource\DboSource.php(1204): DboSource->fetchAssociated(Object(Grupocliente), 'SELECT `Grupocl...', Array)
#5 D:\PHP\xampp\htdocs\Empresarial2\lib\Cake\Model\Datasource\DboSource.php(1115): DboSource->queryAssociation(Object(Grupocliente), Object(Cliente), 'hasMany', 'Grupocliente', Array, Array, true, Array, 0, Array)
#6 D:\PHP\xampp\htdocs\Empresarial2\lib\Cake\Model\Model.php(2696): DboSource->read(Object(Grupocliente), Array)
#7 D:\PHP\xampp\htdocs\Empresarial2\app\Controller\GrupoclientesController.php(44): Model->find('first', Array)
#8 [internal function]: GrupoclientesController->view('1')
#9 D:\PHP\xampp\htdocs\Empresarial2\lib\Cake\Controller\Controller.php(486): ReflectionMethod->invokeArgs(Object(GrupoclientesController), Array)
#10 D:\PHP\xampp\htdocs\Empresarial2\lib\Cake\Routing\Dispatcher.php(187): Controller->invokeAction(Object(CakeRequest))
#11 D:\PHP\xampp\htdocs\Empresarial2\lib\Cake\Routing\Dispatcher.php(162): Dispatcher->_invoke(Object(GrupoclientesController), Object(CakeRequest), Object(CakeResponse))
#12 D:\PHP\xampp\htdocs\Empresarial2\app\webroot\index.php(110): Dispatcher->dispatch(Object(CakeRequest), Object(CakeResponse))
#13 {main}
2013-09-24 00:37:51 Error: [PDOException] SQLSTATE[42S22]: Column not found: 1054 Unknown column 'Cliente.grupo_id' in 'field list'
Request URL: /Empresarial2/grupoclientes/view/1
Stack Trace:
#0 D:\PHP\xampp\htdocs\Empresarial2\lib\Cake\Model\Datasource\DboSource.php(460): PDOStatement->execute(Array)
#1 D:\PHP\xampp\htdocs\Empresarial2\lib\Cake\Model\Datasource\DboSource.php(426): DboSource->_execute('SELECT `Cliente...', Array)
#2 D:\PHP\xampp\htdocs\Empresarial2\lib\Cake\Model\Datasource\DboSource.php(669): DboSource->execute('SELECT `Cliente...', Array, Array)
#3 D:\PHP\xampp\htdocs\Empresarial2\lib\Cake\Model\Datasource\DboSource.php(1342): DboSource->fetchAll('SELECT `Cliente...', false)
#4 D:\PHP\xampp\htdocs\Empresarial2\lib\Cake\Model\Datasource\DboSource.php(1204): DboSource->fetchAssociated(Object(Grupocliente), 'SELECT `Cliente...', Array)
#5 D:\PHP\xampp\htdocs\Empresarial2\lib\Cake\Model\Datasource\DboSource.php(1115): DboSource->queryAssociation(Object(Grupocliente), Object(Cliente), 'hasMany', 'Cliente', Array, Array, true, Array, 0, Array)
#6 D:\PHP\xampp\htdocs\Empresarial2\lib\Cake\Model\Model.php(2696): DboSource->read(Object(Grupocliente), Array)
#7 D:\PHP\xampp\htdocs\Empresarial2\app\Controller\GrupoclientesController.php(44): Model->find('first', Array)
#8 [internal function]: GrupoclientesController->view('1')
#9 D:\PHP\xampp\htdocs\Empresarial2\lib\Cake\Controller\Controller.php(486): ReflectionMethod->invokeArgs(Object(GrupoclientesController), Array)
#10 D:\PHP\xampp\htdocs\Empresarial2\lib\Cake\Routing\Dispatcher.php(187): Controller->invokeAction(Object(CakeRequest))
#11 D:\PHP\xampp\htdocs\Empresarial2\lib\Cake\Routing\Dispatcher.php(162): Dispatcher->_invoke(Object(GrupoclientesController), Object(CakeRequest), Object(CakeResponse))
#12 D:\PHP\xampp\htdocs\Empresarial2\app\webroot\index.php(110): Dispatcher->dispatch(Object(CakeRequest), Object(CakeResponse))
#13 {main}
2013-09-24 00:38:58 Error: [MissingControllerException] Controller class Empresarial2Controller could not be found.
Exception Attributes: array (
  'class' => 'Empresarial2Controller',
  'plugin' => NULL,
)
Request URL: /Empresarial2/empresarial2/css/images/abamiddlenormal.gif
Stack Trace:
#0 D:\PHP\xampp\htdocs\Empresarial2\app\webroot\index.php(110): Dispatcher->dispatch(Object(CakeRequest), Object(CakeResponse))
#1 {main}
2013-09-24 00:38:58 Error: [MissingControllerException] Controller class Empresarial2Controller could not be found.
Exception Attributes: array (
  'class' => 'Empresarial2Controller',
  'plugin' => NULL,
)
Request URL: /Empresarial2/empresarial2/css/images/abamiddleclick.gif
Stack Trace:
#0 D:\PHP\xampp\htdocs\Empresarial2\app\webroot\index.php(110): Dispatcher->dispatch(Object(CakeRequest), Object(CakeResponse))
#1 {main}
2013-09-24 00:42:33 Error: [MissingControllerException] Controller class Empresarial2Controller could not be found.
Exception Attributes: array (
  'class' => 'Empresarial2Controller',
  'plugin' => NULL,
)
Request URL: /Empresarial2/empresarial2/css/images/abamiddleclick.gif
Stack Trace:
#0 D:\PHP\xampp\htdocs\Empresarial2\app\webroot\index.php(110): Dispatcher->dispatch(Object(CakeRequest), Object(CakeResponse))
#1 {main}
2013-09-24 00:42:33 Error: [MissingControllerException] Controller class Empresarial2Controller could not be found.
Exception Attributes: array (
  'class' => 'Empresarial2Controller',
  'plugin' => NULL,
)
Request URL: /Empresarial2/empresarial2/css/images/abamiddlenormal.gif
Stack Trace:
#0 D:\PHP\xampp\htdocs\Empresarial2\app\webroot\index.php(110): Dispatcher->dispatch(Object(CakeRequest), Object(CakeResponse))
#1 {main}
2013-09-24 00:44:34 Error: [MissingControllerException] Controller class Empresarial2Controller could not be found.
Exception Attributes: array (
  'class' => 'Empresarial2Controller',
  'plugin' => NULL,
)
Request URL: /Empresarial2/empresarial2/css/images/abamiddlenormal.gif
Stack Trace:
#0 D:\PHP\xampp\htdocs\Empresarial2\app\webroot\index.php(110): Dispatcher->dispatch(Object(CakeRequest), Object(CakeResponse))
#1 {main}
2013-09-24 00:44:34 Error: [MissingControllerException] Controller class Empresarial2Controller could not be found.
Exception Attributes: array (
  'class' => 'Empresarial2Controller',
  'plugin' => NULL,
)
Request URL: /Empresarial2/empresarial2/css/images/abamiddleclick.gif
Stack Trace:
#0 D:\PHP\xampp\htdocs\Empresarial2\app\webroot\index.php(110): Dispatcher->dispatch(Object(CakeRequest), Object(CakeResponse))
#1 {main}
2013-09-24 00:45:49 Error: [MissingControllerException] Controller class Empresarial2Controller could not be found.
Exception Attributes: array (
  'class' => 'Empresarial2Controller',
  'plugin' => NULL,
)
Request URL: /Empresarial2/empresarial2/css/images/abamiddleclick.gif
Stack Trace:
#0 D:\PHP\xampp\htdocs\Empresarial2\app\webroot\index.php(110): Dispatcher->dispatch(Object(CakeRequest), Object(CakeResponse))
#1 {main}
2013-09-24 00:45:49 Error: [MissingControllerException] Controller class Empresarial2Controller could not be found.
Exception Attributes: array (
  'class' => 'Empresarial2Controller',
  'plugin' => NULL,
)
Request URL: /Empresarial2/empresarial2/css/images/abamiddlenormal.gif
Stack Trace:
#0 D:\PHP\xampp\htdocs\Empresarial2\app\webroot\index.php(110): Dispatcher->dispatch(Object(CakeRequest), Object(CakeResponse))
#1 {main}
2013-09-24 00:45:50 Error: [MissingControllerException] Controller class Empresarial2Controller could not be found.
Exception Attributes: array (
  'class' => 'Empresarial2Controller',
  'plugin' => NULL,
)
Request URL: /Empresarial2/empresarial2/css/images/abamiddlenormal.gif
Stack Trace:
#0 D:\PHP\xampp\htdocs\Empresarial2\app\webroot\index.php(110): Dispatcher->dispatch(Object(CakeRequest), Object(CakeResponse))
#1 {main}
2013-09-24 00:45:50 Error: [MissingControllerException] Controller class Empresarial2Controller could not be found.
Exception Attributes: array (
  'class' => 'Empresarial2Controller',
  'plugin' => NULL,
)
Request URL: /Empresarial2/empresarial2/css/images/abamiddleclick.gif
Stack Trace:
#0 D:\PHP\xampp\htdocs\Empresarial2\app\webroot\index.php(110): Dispatcher->dispatch(Object(CakeRequest), Object(CakeResponse))
#1 {main}
2013-09-24 00:45:55 Error: [MissingControllerException] Controller class Empresarial2Controller could not be found.
Exception Attributes: array (
  'class' => 'Empresarial2Controller',
  'plugin' => NULL,
)
Request URL: /Empresarial2/empresarial2/css/images/abamiddlenormal.gif
Stack Trace:
#0 D:\PHP\xampp\htdocs\Empresarial2\app\webroot\index.php(110): Dispatcher->dispatch(Object(CakeRequest), Object(CakeResponse))
#1 {main}
2013-09-24 00:45:55 Error: [MissingControllerException] Controller class Empresarial2Controller could not be found.
Exception Attributes: array (
  'class' => 'Empresarial2Controller',
  'plugin' => NULL,
)
Request URL: /Empresarial2/empresarial2/css/images/abamiddleclick.gif
Stack Trace:
#0 D:\PHP\xampp\htdocs\Empresarial2\app\webroot\index.php(110): Dispatcher->dispatch(Object(CakeRequest), Object(CakeResponse))
#1 {main}
2013-09-24 00:48:36 Error: [MissingControllerException] Controller class Empresarial2Controller could not be found.
Exception Attributes: array (
  'class' => 'Empresarial2Controller',
  'plugin' => NULL,
)
Request URL: /Empresarial2/empresarial2/css/images/abamiddleclick.gif
Stack Trace:
#0 D:\PHP\xampp\htdocs\Empresarial2\app\webroot\index.php(110): Dispatcher->dispatch(Object(CakeRequest), Object(CakeResponse))
#1 {main}
2013-09-24 00:48:36 Error: [MissingControllerException] Controller class Empresarial2Controller could not be found.
Exception Attributes: array (
  'class' => 'Empresarial2Controller',
  'plugin' => NULL,
)
Request URL: /Empresarial2/empresarial2/css/images/abamiddlenormal.gif
Stack Trace:
#0 D:\PHP\xampp\htdocs\Empresarial2\app\webroot\index.php(110): Dispatcher->dispatch(Object(CakeRequest), Object(CakeResponse))
#1 {main}
2013-09-24 00:50:21 Error: [MissingControllerException] Controller class Empresarial2Controller could not be found.
Exception Attributes: array (
  'class' => 'Empresarial2Controller',
  'plugin' => NULL,
)
Request URL: /Empresarial2/empresarial2/css/images/abamiddleclick.gif
Stack Trace:
#0 D:\PHP\xampp\htdocs\Empresarial2\app\webroot\index.php(110): Dispatcher->dispatch(Object(CakeRequest), Object(CakeResponse))
#1 {main}
2013-09-24 00:50:21 Error: [MissingControllerException] Controller class Empresarial2Controller could not be found.
Exception Attributes: array (
  'class' => 'Empresarial2Controller',
  'plugin' => NULL,
)
Request URL: /Empresarial2/empresarial2/css/images/abamiddlenormal.gif
Stack Trace:
#0 D:\PHP\xampp\htdocs\Empresarial2\app\webroot\index.php(110): Dispatcher->dispatch(Object(CakeRequest), Object(CakeResponse))
#1 {main}
2013-09-24 00:58:13 Error: [MissingControllerException] Controller class Empresarial2Controller could not be found.
Exception Attributes: array (
  'class' => 'Empresarial2Controller',
  'plugin' => NULL,
)
Request URL: /Empresarial2/empresarial2/css/images/abamiddleclick.gif
Stack Trace:
#0 D:\PHP\xampp\htdocs\Empresarial2\app\webroot\index.php(110): Dispatcher->dispatch(Object(CakeRequest), Object(CakeResponse))
#1 {main}
2013-09-24 00:58:13 Error: [MissingControllerException] Controller class Empresarial2Controller could not be found.
Exception Attributes: array (
  'class' => 'Empresarial2Controller',
  'plugin' => NULL,
)
Request URL: /Empresarial2/empresarial2/css/images/abamiddlenormal.gif
Stack Trace:
#0 D:\PHP\xampp\htdocs\Empresarial2\app\webroot\index.php(110): Dispatcher->dispatch(Object(CakeRequest), Object(CakeResponse))
#1 {main}
2013-09-24 00:58:26 Error: [MissingControllerException] Controller class Empresarial2Controller could not be found.
Exception Attributes: array (
  'class' => 'Empresarial2Controller',
  'plugin' => NULL,
)
Request URL: /Empresarial2/empresarial2/css/images/abamiddleclick.gif
Stack Trace:
#0 D:\PHP\xampp\htdocs\Empresarial2\app\webroot\index.php(110): Dispatcher->dispatch(Object(CakeRequest), Object(CakeResponse))
#1 {main}
2013-09-24 00:58:26 Error: [MissingControllerException] Controller class Empresarial2Controller could not be found.
Exception Attributes: array (
  'class' => 'Empresarial2Controller',
  'plugin' => NULL,
)
Request URL: /Empresarial2/empresarial2/css/images/abamiddlenormal.gif
Stack Trace:
#0 D:\PHP\xampp\htdocs\Empresarial2\app\webroot\index.php(110): Dispatcher->dispatch(Object(CakeRequest), Object(CakeResponse))
#1 {main}
2013-09-24 00:58:34 Error: [MissingControllerException] Controller class Empresarial2Controller could not be found.
Exception Attributes: array (
  'class' => 'Empresarial2Controller',
  'plugin' => NULL,
)
Request URL: /Empresarial2/empresarial2/css/images/abamiddleclick.gif
Stack Trace:
#0 D:\PHP\xampp\htdocs\Empresarial2\app\webroot\index.php(110): Dispatcher->dispatch(Object(CakeRequest), Object(CakeResponse))
#1 {main}
2013-09-24 00:58:34 Error: [MissingControllerException] Controller class Empresarial2Controller could not be found.
Exception Attributes: array (
  'class' => 'Empresarial2Controller',
  'plugin' => NULL,
)
Request URL: /Empresarial2/empresarial2/css/images/abamiddlenormal.gif
Stack Trace:
#0 D:\PHP\xampp\htdocs\Empresarial2\app\webroot\index.php(110): Dispatcher->dispatch(Object(CakeRequest), Object(CakeResponse))
#1 {main}
2013-09-24 01:02:27 Error: [MissingControllerException] Controller class Empresarial2Controller could not be found.
Exception Attributes: array (
  'class' => 'Empresarial2Controller',
  'plugin' => NULL,
)
Request URL: /Empresarial2/empresarial2/css/images/abamiddlenormal.gif
Stack Trace:
#0 D:\PHP\xampp\htdocs\Empresarial2\app\webroot\index.php(110): Dispatcher->dispatch(Object(CakeRequest), Object(CakeResponse))
#1 {main}
2013-09-24 01:02:27 Error: [MissingControllerException] Controller class Empresarial2Controller could not be found.
Exception Attributes: array (
  'class' => 'Empresarial2Controller',
  'plugin' => NULL,
)
Request URL: /Empresarial2/empresarial2/css/images/abamiddleclick.gif
Stack Trace:
#0 D:\PHP\xampp\htdocs\Empresarial2\app\webroot\index.php(110): Dispatcher->dispatch(Object(CakeRequest), Object(CakeResponse))
#1 {main}
2013-09-24 01:03:55 Error: [MissingControllerException] Controller class Empresarial2Controller could not be found.
Exception Attributes: array (
  'class' => 'Empresarial2Controller',
  'plugin' => NULL,
)
Request URL: /Empresarial2/empresarial2/css/images/abamiddleclick.gif
Stack Trace:
#0 D:\PHP\xampp\htdocs\Empresarial2\app\webroot\index.php(110): Dispatcher->dispatch(Object(CakeRequest), Object(CakeResponse))
#1 {main}
2013-09-24 01:03:55 Error: [MissingControllerException] Controller class Empresarial2Controller could not be found.
Exception Attributes: array (
  'class' => 'Empresarial2Controller',
  'plugin' => NULL,
)
Request URL: /Empresarial2/empresarial2/css/images/abamiddlenormal.gif
Stack Trace:
#0 D:\PHP\xampp\htdocs\Empresarial2\app\webroot\index.php(110): Dispatcher->dispatch(Object(CakeRequest), Object(CakeResponse))
#1 {main}
2013-09-24 01:09:20 Error: [MissingControllerException] Controller class Empresarial2Controller could not be found.
Exception Attributes: array (
  'class' => 'Empresarial2Controller',
  'plugin' => NULL,
)
Request URL: /Empresarial2/empresarial2/css/images/abamiddleclick.gif
Stack Trace:
#0 D:\PHP\xampp\htdocs\Empresarial2\app\webroot\index.php(110): Dispatcher->dispatch(Object(CakeRequest), Object(CakeResponse))
#1 {main}
2013-09-24 01:09:20 Error: [MissingControllerException] Controller class Empresarial2Controller could not be found.
Exception Attributes: array (
  'class' => 'Empresarial2Controller',
  'plugin' => NULL,
)
Request URL: /Empresarial2/empresarial2/css/images/abamiddlenormal.gif
Stack Trace:
#0 D:\PHP\xampp\htdocs\Empresarial2\app\webroot\index.php(110): Dispatcher->dispatch(Object(CakeRequest), Object(CakeResponse))
#1 {main}
